TN:
SF:app.js
FNF:0
FNH:0
DA:1,1
DA:2,1
DA:3,1
DA:5,1
DA:7,1
DA:9,1
DA:10,1
DA:11,1
DA:13,1
DA:15,1
DA:17,1
DA:19,1
LF:12
LH:12
BRF:0
BRH:0
end_of_record
TN:
SF:middlewares\userAgentMiddleware.js
FN:1,(anonymous_0)
FNF:1
FNH:1
FNDA:2,(anonymous_0)
DA:1,1
DA:2,2
DA:3,2
DA:6,1
LF:4
LH:4
BRF:0
BRH:0
end_of_record
TN:
SF:routes\apiDataRouter.js
FN:5,(anonymous_0)
FNF:1
FNH:1
FNDA:2,(anonymous_0)
DA:1,1
DA:3,1
DA:5,1
DA:6,2
DA:7,1
DA:9,1
DA:10,1
DA:12,0
DA:15,1
LF:9
LH:8
BRDA:6,0,0,1
BRDA:6,0,1,1
BRDA:9,1,0,1
BRDA:9,1,1,0
BRF:4
BRH:3
end_of_record
